<testsuites id="" name="" tests="14" failures="0" skipped="0" errors="0" time="7.4631659999999975">
<testsuite name="simple.spec.ts" timestamp="2025-08-20T09:37:53.438Z" hostname="chromium" tests="14" failures="0" skipped="0" time="24.794" errors="0">
<testcase name="JongQue Application - Essential Tests › Basic Functionality › should load homepage successfully" classname="simple.spec.ts" time="2.416">
<system-out>
<![CDATA[
[[ATTACHMENT|simple-JongQue-Application-42fef--load-homepage-successfully-chromium/trace.zip]]
]]>
</system-out>
</testcase>
<testcase name="JongQue Application - Essential Tests › Basic Functionality › should navigate to test pages" classname="simple.spec.ts" time="6.323">
<system-out>
<![CDATA[
[[ATTACHMENT|simple-JongQue-Application-62260-ould-navigate-to-test-pages-chromium/trace.zip]]
]]>
</system-out>
</testcase>
<testcase name="JongQue Application - Essential Tests › Basic Functionality › should load authentication pages" classname="simple.spec.ts" time="3.555">
<system-out>
<![CDATA[
[[ATTACHMENT|simple-JongQue-Application-9fae5-d-load-authentication-pages-chromium/trace.zip]]
]]>
</system-out>
</testcase>
<testcase name="JongQue Application - Essential Tests › API Health Checks › should respond to health endpoints" classname="simple.spec.ts" time="0.733">
<system-out>
<![CDATA[
[[ATTACHMENT|simple-JongQue-Application-7820e-respond-to-health-endpoints-chromium/trace.zip]]
]]>
</system-out>
</testcase>
<testcase name="JongQue Application - Essential Tests › API Health Checks › should have NextAuth providers" classname="simple.spec.ts" time="0.552">
<system-out>
<![CDATA[
[[ATTACHMENT|simple-JongQue-Application-5cb46-uld-have-NextAuth-providers-chromium/trace.zip]]
]]>
</system-out>
</testcase>
<testcase name="JongQue Application - Essential Tests › PWA Features › should have PWA manifest" classname="simple.spec.ts" time="0.391">
<system-out>
<![CDATA[
[[ATTACHMENT|simple-JongQue-Application-9aa40-es-should-have-PWA-manifest-chromium/trace.zip]]
]]>
</system-out>
</testcase>
<testcase name="JongQue Application - Essential Tests › PWA Features › should have service worker files" classname="simple.spec.ts" time="0.657">
<system-out>
<![CDATA[
[[ATTACHMENT|simple-JongQue-Application-2d85d-d-have-service-worker-files-chromium/trace.zip]]
]]>
</system-out>
</testcase>
<testcase name="JongQue Application - Essential Tests › PWA Features › should have PWA icons" classname="simple.spec.ts" time="0.152">
<system-out>
<![CDATA[
[[ATTACHMENT|simple-JongQue-Application-77888-tures-should-have-PWA-icons-chromium/trace.zip]]
]]>
</system-out>
</testcase>
<testcase name="JongQue Application - Essential Tests › Error Handling › should handle 404 pages" classname="simple.spec.ts" time="1.144">
<system-out>
<![CDATA[
[[ATTACHMENT|simple-JongQue-Application-6e0ce-ing-should-handle-404-pages-chromium/trace.zip]]
]]>
</system-out>
</testcase>
<testcase name="JongQue Application - Essential Tests › Error Handling › should load error pages" classname="simple.spec.ts" time="1.811">
<system-out>
<![CDATA[
[[ATTACHMENT|simple-JongQue-Application-ae874-ing-should-load-error-pages-chromium/trace.zip]]
]]>
</system-out>
</testcase>
<testcase name="JongQue Application - Essential Tests › Responsive Design › should work on mobile viewport" classname="simple.spec.ts" time="2.889">
<system-out>
<![CDATA[
[[ATTACHMENT|simple-JongQue-Application-41796-uld-work-on-mobile-viewport-chromium/trace.zip]]
]]>
</system-out>
</testcase>
<testcase name="JongQue Application - Essential Tests › Responsive Design › should work on desktop viewport" classname="simple.spec.ts" time="2.819">
<system-out>
<![CDATA[
[[ATTACHMENT|simple-JongQue-Application-75ddd-ld-work-on-desktop-viewport-chromium/trace.zip]]
]]>
</system-out>
</testcase>
<testcase name="JongQue Application - Essential Tests › Performance › should load pages within reasonable time" classname="simple.spec.ts" time="1.261">
<system-out>
<![CDATA[
[[ATTACHMENT|simple-JongQue-Application-7c558-ages-within-reasonable-time-chromium/trace.zip]]
]]>
</system-out>
</testcase>
<testcase name="JongQue Application - Essential Tests › Security › should not expose sensitive information" classname="simple.spec.ts" time="0.091">
<system-out>
<![CDATA[
[[ATTACHMENT|simple-JongQue-Application-0e90a-xpose-sensitive-information-chromium/trace.zip]]
]]>
</system-out>
</testcase>
</testsuite>
</testsuites>